MIF/HEX Update report for hw
Sun Apr 15 16:26:50 2018
Quartus II Version 9.1 Build 350 03/24/2010 Service Pack 2 SJ Web Edition


---------------------
; Table of Contents ;
---------------------
  1. Legal Notice
  2. MIF/HEX Update Summary
  3. MIF/HEX Update Processed Files
  4. MIF/HEX Update Messages



----------------
; Legal Notice ;
----------------
Copyright (C) 1991-2010 Altera Corporation
Your use of Altera Corporation's design tools, logic functions 
and other software and tools, and its AMPP partner logic 
functions, and any output files from any of the foregoing 
(including device programming or simulation files), and any 
associated documentation or information are expressly subject 
to the terms and conditions of the Altera Program License 
Subscription Agreement, Altera MegaCore Function License 
Agreement, or other applicable license agreement, including, 
without limitation, that your use is for the sole purpose of 
programming logic devices manufactured by Altera and sold by 
Altera or its authorized distributors.  Please refer to the 
applicable agreement for further details.



+---------------------------------------------------------------+
; MIF/HEX Update Summary                                        ;
+-----------------------+---------------------------------------+
; MIF/HEX Update Status ; Successful - Sun Apr 15 16:26:50 2018 ;
; Revision Name         ; hw                                    ;
; Top-level Entity Name ; CPU                                   ;
; Family                ; Cyclone II                            ;
; Device                ; EP2C70F896C7                          ;
+-----------------------+---------------------------------------+


+----------------------------------------+
; MIF/HEX Update Processed Files         ;
+----------------------------------------+
; File Name                              ;
+----------------------------------------+
; C:/Users/bah/Desktop/HW/instrucoes.mif ;
+----------------------------------------+


+-------------------------+
; MIF/HEX Update Messages ;
+-------------------------+
Info: *******************************************************************
Info: Running Quartus II MIF/HEX Update
    Info: Version 9.1 Build 350 03/24/2010 Service Pack 2 SJ Web Edition
    Info: Processing started: Sun Apr 15 16:26:46 2018
Info: Command: quartus_cdb hw -c hw --update_mif
Warning: 16 out of 256 addresses are uninitialized. The Quartus II software will initialize them to "0". There are 1 warnings found, and 1 warnings are reported.
    Warning: Addresses ranging from 240 to 255 are not initialized
Info: Processed the following Memory Initialization File(s)
    Info: Processed Memory Initialization File C:/Users/bah/Desktop/HW/instrucoes.mif
Info: Quartus II MIF/HEX Update was successful. 0 errors, 2 warnings
    Info: Peak virtual memory: 303 megabytes
    Info: Processing ended: Sun Apr 15 16:26:50 2018
    Info: Elapsed time: 00:00:04
    Info: Total CPU time (on all processors): 00:00:07


